# JRE version: Java(TM) SE Runtime Environment (8.0_73-b02) (build 1.8.0_73-b02)
# Java VM: Java HotSpot(TM) 64-Bit Server VM (25.73-b02 mixed mode bsd-amd64 compressed oops)
Heap:
 PSYoungGen      total 151040K, used 46175K [0x000000076ab00000, 0x0000000776900000, 0x00000007c0000000)
  eden space 118784K, 15% used [0x000000076ab00000,0x000000076bc832d0,0x0000000771f00000)
  from space 32256K, 87% used [0x0000000774180000,0x0000000775d14c78,0x0000000776100000)
  to   space 35328K, 0% used [0x0000000771f00000,0x0000000771f00000,0x0000000774180000)
 ParOldGen       total 147968K, used 29365K [0x00000006c0000000, 0x00000006c9080000, 0x000000076ab00000)
  object space 147968K, 19% used [0x00000006c0000000,0x00000006c1cad5e8,0x00000006c9080000)
 Metaspace       used 56733K, capacity 57874K, committed 58240K, reserved 1099776K
  class space    used 7242K, capacity 7543K, committed 7552K, reserved 1048576K
GC Heap History (10 events):
Event: 40.487 GC heap before
{Heap before GC invocations=16 (full 2):
 PSYoungGen      total 99840K, used 96477K [0x000000076ab00000, 0x0000000773000000, 0x00000007c0000000)
  eden space 79360K, 100% used [0x000000076ab00000,0x000000076f880000,0x000000076f880000)
  from space 20480K, 83% used [0x000000076f880000,0x0000000770937588,0x0000000770c80000)
  to   space 22016K, 0% used [0x0000000771a80000,0x0000000771a80000,0x0000000773000000)
 ParOldGen       total 147968K, used 29333K [0x00000006c0000000, 0x00000006c9080000, 0x000000076ab00000)
  object space 147968K, 19% used [0x00000006c0000000,0x00000006c1ca55e8,0x00000006c9080000)
 Metaspace       used 48946K, capacity 49854K, committed 50304K, reserved 1093632K
  class space    used 6217K, capacity 6474K, committed 6528K, reserved 1048576K
Event: 40.510 GC heap after
Heap after GC invocations=16 (full 2):
 PSYoungGen      total 112640K, used 18734K [0x000000076ab00000, 0x0000000773400000, 0x00000007c0000000)
  eden space 90624K, 0% used [0x000000076ab00000,0x000000076ab00000,0x0000000770380000)
  from space 22016K, 85% used [0x0000000771a80000,0x0000000772ccb8b8,0x0000000773000000)
  to   space 23552K, 0% used [0x0000000770380000,0x0000000770380000,0x0000000771a80000)
 ParOldGen       total 147968K, used 29341K [0x00000006c0000000, 0x00000006c9080000, 0x000000076ab00000)
  object space 147968K, 19% used [0x00000006c0000000,0x00000006c1ca75e8,0x00000006c9080000)
 Metaspace       used 48946K, capacity 49854K, committed 50304K, reserved 1093632K
  class space    used 6217K, capacity 6474K, committed 6528K, reserved 1048576K
}
Event: 43.246 GC heap before
{Heap before GC invocations=17 (full 2):
 PSYoungGen      total 112640K, used 109358K [0x000000076ab00000, 0x0000000773400000, 0x00000007c0000000)
  eden space 90624K, 100% used [0x000000076ab00000,0x0000000770380000,0x0000000770380000)
  from space 22016K, 85% used [0x0000000771a80000,0x0000000772ccb8b8,0x0000000773000000)
  to   space 23552K, 0% used [0x0000000770380000,0x0000000770380000,0x0000000771a80000)
 ParOldGen       total 147968K, used 29341K [0x00000006c0000000, 0x00000006c9080000, 0x000000076ab00000)
  object space 147968K, 19% used [0x00000006c0000000,0x00000006c1ca75e8,0x00000006c9080000)
 Metaspace       used 52834K, capacity 53768K, committed 54144K, reserved 1095680K
  class space    used 6748K, capacity 7040K, committed 7040K, reserved 1048576K
Event: 43.265 GC heap after
Heap after GC invocations=17 (full 2):
 PSYoungGen      total 114176K, used 22689K [0x000000076ab00000, 0x0000000774700000, 0x00000007c0000000)
  eden space 90624K, 0% used [0x000000076ab00000,0x000000076ab00000,0x0000000770380000)
  from space 23552K, 96% used [0x0000000770380000,0x00000007719a8710,0x0000000771a80000)
  to   space 26624K, 0% used [0x0000000772d00000,0x0000000772d00000,0x0000000774700000)
 ParOldGen       total 147968K, used 29349K [0x00000006c0000000, 0x00000006c9080000, 0x000000076ab00000)
  object space 147968K, 19% used [0x00000006c0000000,0x00000006c1ca95e8,0x00000006c9080000)
 Metaspace       used 52834K, capacity 53768K, committed 54144K, reserved 1095680K
  class space    used 6748K, capacity 7040K, committed 7040K, reserved 1048576K
}
Event: 44.815 GC heap before
{Heap before GC invocations=18 (full 2):
 PSYoungGen      total 114176K, used 113313K [0x000000076ab00000, 0x0000000774700000, 0x00000007c0000000)
  eden space 90624K, 100% used [0x000000076ab00000,0x0000000770380000,0x0000000770380000)
  from space 23552K, 96% used [0x0000000770380000,0x00000007719a8710,0x0000000771a80000)
  to   space 26624K, 0% used [0x0000000772d00000,0x0000000772d00000,0x0000000774700000)
 ParOldGen       total 147968K, used 29349K [0x00000006c0000000, 0x00000006c9080000, 0x000000076ab00000)
  object space 147968K, 19% used [0x00000006c0000000,0x00000006c1ca95e8,0x00000006c9080000)
 Metaspace       used 54282K, capacity 55226K, committed 55680K, reserved 1097728K
  class space    used 6940K, capacity 7203K, committed 7296K, reserved 1048576K
Event: 44.858 GC heap after
Heap after GC invocations=18 (full 2):
 PSYoungGen      total 130560K, used 23859K [0x000000076ab00000, 0x0000000775300000, 0x00000007c0000000)
  eden space 103936K, 0% used [0x000000076ab00000,0x000000076ab00000,0x0000000771080000)
  from space 26624K, 89% used [0x0000000772d00000,0x000000077444cda8,0x0000000774700000)
  to   space 29184K, 0% used [0x0000000771080000,0x0000000771080000,0x0000000772d00000)
 ParOldGen       total 147968K, used 29357K [0x00000006c0000000, 0x00000006c9080000, 0x000000076ab00000)
  object space 147968K, 19% used [0x00000006c0000000,0x00000006c1cab5e8,0x00000006c9080000)
 Metaspace       used 54282K, capacity 55226K, committed 55680K, reserved 1097728K
  class space    used 6940K, capacity 7203K, committed 7296K, reserved 1048576K
}
Event: 46.781 GC heap before
{Heap before GC invocations=19 (full 2):
 PSYoungGen      total 130560K, used 127795K [0x000000076ab00000, 0x0000000775300000, 0x00000007c0000000)
  eden space 103936K, 100% used [0x000000076ab00000,0x0000000771080000,0x0000000771080000)
  from space 26624K, 89% used [0x0000000772d00000,0x000000077444cda8,0x0000000774700000)
  to   space 29184K, 0% used [0x0000000771080000,0x0000000771080000,0x0000000772d00000)
 ParOldGen       total 147968K, used 29357K [0x00000006c0000000, 0x00000006c9080000, 0x000000076ab00000)
  object space 147968K, 19% used [0x00000006c0000000,0x00000006c1cab5e8,0x00000006c9080000)
 Metaspace       used 55461K, capacity 56422K, committed 57088K, reserved 1099776K
  class space    used 7087K, capacity 7365K, committed 7424K, reserved 1048576K
Event: 46.806 GC heap after
Heap after GC invocations=19 (full 2):
 PSYoungGen      total 133120K, used 26194K [0x000000076ab00000, 0x0000000776100000, 0x00000007c0000000)
  eden space 103936K, 0% used [0x000000076ab00000,0x000000076ab00000,0x0000000771080000)
  from space 29184K, 89% used [0x0000000771080000,0x0000000772a14850,0x0000000772d00000)
  to   space 32256K, 0% used [0x0000000774180000,0x0000000774180000,0x0000000776100000)
 ParOldGen       total 147968K, used 29357K [0x00000006c0000000, 0x00000006c9080000, 0x000000076ab00000)
  object space 147968K, 19% used [0x00000006c0000000,0x00000006c1cab5e8,0x00000006c9080000)
 Metaspace       used 55461K, capacity 56422K, committed 57088K, reserved 1099776K
  class space    used 7087K, capacity 7365K, committed 7424K, reserved 1048576K
}
Event: 48.784 GC heap before
{Heap before GC invocations=20 (full 2):
 PSYoungGen      total 133120K, used 130130K [0x000000076ab00000, 0x0000000776100000, 0x00000007c0000000)
  eden space 103936K, 100% used [0x000000076ab00000,0x0000000771080000,0x0000000771080000)
  from space 29184K, 89% used [0x0000000771080000,0x0000000772a14850,0x0000000772d00000)
  to   space 32256K, 0% used [0x0000000774180000,0x0000000774180000,0x0000000776100000)
 ParOldGen       total 147968K, used 29357K [0x00000006c0000000, 0x00000006c9080000, 0x000000076ab00000)
  object space 147968K, 19% used [0x00000006c0000000,0x00000006c1cab5e8,0x00000006c9080000)
 Metaspace       used 56556K, capacity 57672K, committed 57984K, reserved 1099776K
  class space    used 7221K, capacity 7504K, committed 7552K, reserved 1048576K
Event: 48.825 GC heap after
Heap after GC invocations=20 (full 2):
 PSYoungGen      total 151040K, used 28243K [0x000000076ab00000, 0x0000000776900000, 0x00000007c0000000)
  eden space 118784K, 0% used [0x000000076ab00000,0x000000076ab00000,0x0000000771f00000)
  from space 32256K, 87% used [0x0000000774180000,0x0000000775d14c78,0x0000000776100000)
  to   space 35328K, 0% used [0x0000000771f00000,0x0000000771f00000,0x0000000774180000)
 ParOldGen       total 147968K, used 29365K [0x00000006c0000000, 0x00000006c9080000, 0x000000076ab00000)
  object space 147968K, 19% used [0x00000006c0000000,0x00000006c1cad5e8,0x00000006c9080000)
 Metaspace       used 56556K, capacity 57672K, committed 57984K, reserved 1099776K
  class space    used 7221K, capacity 7504K, committed 7552K, reserved 1048576K
}

