# JRE version: Java(TM) SE Runtime Environment (8.0_73-b02) (build 1.8.0_73-b02)
# Java VM: Java HotSpot(TM) 64-Bit Server VM (25.73-b02 mixed mode bsd-amd64 compressed oops)
Heap:
 PSYoungGen      total 94720K, used 58925K [0x000000076ab00000, 0x0000000773680000, 0x00000007c0000000)
  eden space 72192K, 55% used [0x000000076ab00000,0x000000076d1cf718,0x000000076f180000)
  from space 22528K, 85% used [0x000000076f180000,0x000000077043bd88,0x0000000770780000)
  to   space 24576K, 0% used [0x0000000771e80000,0x0000000771e80000,0x0000000773680000)
 ParOldGen       total 142336K, used 28640K [0x00000006c0000000, 0x00000006c8b00000, 0x000000076ab00000)
  object space 142336K, 20% used [0x00000006c0000000,0x00000006c1bf82b8,0x00000006c8b00000)
 Metaspace       used 51996K, capacity 52912K, committed 53248K, reserved 1095680K
  class space    used 6638K, capacity 6908K, committed 6912K, reserved 1048576K
GC Heap History (10 events):
Event: 89.239 GC heap before
{Heap before GC invocations=13 (full 2):
 PSYoungGen      total 78848K, used 62599K [0x000000076ab00000, 0x0000000771780000, 0x00000007c0000000)
  eden space 58368K, 100% used [0x000000076ab00000,0x000000076e400000,0x000000076e400000)
  from space 20480K, 20% used [0x000000076f880000,0x000000076fca1e50,0x0000000770c80000)
  to   space 20992K, 0% used [0x000000076e400000,0x000000076e400000,0x000000076f880000)
 ParOldGen       total 142336K, used 28600K [0x00000006c0000000, 0x00000006c8b00000, 0x000000076ab00000)
  object space 142336K, 20% used [0x00000006c0000000,0x00000006c1bee2b8,0x00000006c8b00000)
 Metaspace       used 38391K, capacity 39186K, committed 39680K, reserved 1083392K
  class space    used 4752K, capacity 5000K, committed 5120K, reserved 1048576K
Event: 89.245 GC heap after
Heap after GC invocations=13 (full 2):
 PSYoungGen      total 64512K, used 6713K [0x000000076ab00000, 0x0000000770b00000, 0x00000007c0000000)
  eden space 57344K, 0% used [0x000000076ab00000,0x000000076ab00000,0x000000076e300000)
  from space 7168K, 93% used [0x000000076e400000,0x000000076ea8e720,0x000000076eb00000)
  to   space 20480K, 0% used [0x000000076f700000,0x000000076f700000,0x0000000770b00000)
 ParOldGen       total 142336K, used 28608K [0x00000006c0000000, 0x00000006c8b00000, 0x000000076ab00000)
  object space 142336K, 20% used [0x00000006c0000000,0x00000006c1bf02b8,0x00000006c8b00000)
 Metaspace       used 38391K, capacity 39186K, committed 39680K, reserved 1083392K
  class space    used 4752K, capacity 5000K, committed 5120K, reserved 1048576K
}
Event: 90.618 GC heap before
{Heap before GC invocations=14 (full 2):
 PSYoungGen      total 64512K, used 64057K [0x000000076ab00000, 0x0000000770b00000, 0x00000007c0000000)
  eden space 57344K, 100% used [0x000000076ab00000,0x000000076e300000,0x000000076e300000)
  from space 7168K, 93% used [0x000000076e400000,0x000000076ea8e720,0x000000076eb00000)
  to   space 20480K, 0% used [0x000000076f700000,0x000000076f700000,0x0000000770b00000)
 ParOldGen       total 142336K, used 28608K [0x00000006c0000000, 0x00000006c8b00000, 0x000000076ab00000)
  object space 142336K, 20% used [0x00000006c0000000,0x00000006c1bf02b8,0x00000006c8b00000)
 Metaspace       used 40128K, capacity 40872K, committed 41344K, reserved 1085440K
  class space    used 4937K, capacity 5169K, committed 5248K, reserved 1048576K
Event: 90.635 GC heap after
Heap after GC invocations=14 (full 2):
 PSYoungGen      total 77824K, used 6635K [0x000000076ab00000, 0x0000000771900000, 0x00000007c0000000)
  eden space 57344K, 0% used [0x000000076ab00000,0x000000076ab00000,0x000000076e300000)
  from space 20480K, 32% used [0x000000076f700000,0x000000076fd7af08,0x0000000770b00000)
  to   space 20480K, 0% used [0x000000076e300000,0x000000076e300000,0x000000076f700000)
 ParOldGen       total 142336K, used 28616K [0x00000006c0000000, 0x00000006c8b00000, 0x000000076ab00000)
  object space 142336K, 20% used [0x00000006c0000000,0x00000006c1bf22b8,0x00000006c8b00000)
 Metaspace       used 40128K, capacity 40872K, committed 41344K, reserved 1085440K
  class space    used 4937K, capacity 5169K, committed 5248K, reserved 1048576K
}
Event: 92.162 GC heap before
{Heap before GC invocations=15 (full 2):
 PSYoungGen      total 77824K, used 63979K [0x000000076ab00000, 0x0000000771900000, 0x00000007c0000000)
  eden space 57344K, 100% used [0x000000076ab00000,0x000000076e300000,0x000000076e300000)
  from space 20480K, 32% used [0x000000076f700000,0x000000076fd7af08,0x0000000770b00000)
  to   space 20480K, 0% used [0x000000076e300000,0x000000076e300000,0x000000076f700000)
 ParOldGen       total 142336K, used 28616K [0x00000006c0000000, 0x00000006c8b00000, 0x000000076ab00000)
  object space 142336K, 20% used [0x00000006c0000000,0x00000006c1bf22b8,0x00000006c8b00000)
 Metaspace       used 43476K, capacity 44282K, committed 44544K, reserved 1087488K
  class space    used 5354K, capacity 5620K, committed 5632K, reserved 1048576K
Event: 92.176 GC heap after
Heap after GC invocations=15 (full 2):
 PSYoungGen      total 77824K, used 15839K [0x000000076ab00000, 0x0000000771c80000, 0x00000007c0000000)
  eden space 57344K, 0% used [0x000000076ab00000,0x000000076ab00000,0x000000076e300000)
  from space 20480K, 77% used [0x000000076e300000,0x000000076f277f28,0x000000076f700000)
  to   space 21504K, 0% used [0x0000000770780000,0x0000000770780000,0x0000000771c80000)
 ParOldGen       total 142336K, used 28624K [0x00000006c0000000, 0x00000006c8b00000, 0x000000076ab00000)
  object space 142336K, 20% used [0x00000006c0000000,0x00000006c1bf42b8,0x00000006c8b00000)
 Metaspace       used 43476K, capacity 44282K, committed 44544K, reserved 1087488K
  class space    used 5354K, capacity 5620K, committed 5632K, reserved 1048576K
}
Event: 93.786 GC heap before
{Heap before GC invocations=16 (full 2):
 PSYoungGen      total 77824K, used 73183K [0x000000076ab00000, 0x0000000771c80000, 0x00000007c0000000)
  eden space 57344K, 100% used [0x000000076ab00000,0x000000076e300000,0x000000076e300000)
  from space 20480K, 77% used [0x000000076e300000,0x000000076f277f28,0x000000076f700000)
  to   space 21504K, 0% used [0x0000000770780000,0x0000000770780000,0x0000000771c80000)
 ParOldGen       total 142336K, used 28624K [0x00000006c0000000, 0x00000006c8b00000, 0x000000076ab00000)
  object space 142336K, 20% used [0x00000006c0000000,0x00000006c1bf42b8,0x00000006c8b00000)
 Metaspace       used 43991K, capacity 44754K, committed 45184K, reserved 1089536K
  class space    used 5431K, capacity 5688K, committed 5760K, reserved 1048576K
Event: 93.814 GC heap after
Heap after GC invocations=16 (full 2):
 PSYoungGen      total 93696K, used 16238K [0x000000076ab00000, 0x0000000772180000, 0x00000007c0000000)
  eden space 72192K, 0% used [0x000000076ab00000,0x000000076ab00000,0x000000076f180000)
  from space 21504K, 75% used [0x0000000770780000,0x000000077175bb70,0x0000000771c80000)
  to   space 22528K, 0% used [0x000000076f180000,0x000000076f180000,0x0000000770780000)
 ParOldGen       total 142336K, used 28632K [0x00000006c0000000, 0x00000006c8b00000, 0x000000076ab00000)
  object space 142336K, 20% used [0x00000006c0000000,0x00000006c1bf62b8,0x00000006c8b00000)
 Metaspace       used 43991K, capacity 44754K, committed 45184K, reserved 1089536K
  class space    used 5431K, capacity 5688K, committed 5760K, reserved 1048576K
}
Event: 99.318 GC heap before
{Heap before GC invocations=17 (full 2):
 PSYoungGen      total 93696K, used 88430K [0x000000076ab00000, 0x0000000772180000, 0x00000007c0000000)
  eden space 72192K, 100% used [0x000000076ab00000,0x000000076f180000,0x000000076f180000)
  from space 21504K, 75% used [0x0000000770780000,0x000000077175bb70,0x0000000771c80000)
  to   space 22528K, 0% used [0x000000076f180000,0x000000076f180000,0x0000000770780000)
 ParOldGen       total 142336K, used 28632K [0x00000006c0000000, 0x00000006c8b00000, 0x000000076ab00000)
  object space 142336K, 20% used [0x00000006c0000000,0x00000006c1bf62b8,0x00000006c8b00000)
 Metaspace       used 49104K, capacity 49898K, committed 50304K, reserved 1093632K
  class space    used 6263K, capacity 6508K, committed 6528K, reserved 1048576K
Event: 99.332 GC heap after
Heap after GC invocations=17 (full 2):
 PSYoungGen      total 94720K, used 19183K [0x000000076ab00000, 0x0000000773680000, 0x00000007c0000000)
  eden space 72192K, 0% used [0x000000076ab00000,0x000000076ab00000,0x000000076f180000)
  from space 22528K, 85% used [0x000000076f180000,0x000000077043bd88,0x0000000770780000)
  to   space 24576K, 0% used [0x0000000771e80000,0x0000000771e80000,0x0000000773680000)
 ParOldGen       total 142336K, used 28640K [0x00000006c0000000, 0x00000006c8b00000, 0x000000076ab00000)
  object space 142336K, 20% used [0x00000006c0000000,0x00000006c1bf82b8,0x00000006c8b00000)
 Metaspace       used 49104K, capacity 49898K, committed 50304K, reserved 1093632K
  class space    used 6263K, capacity 6508K, committed 6528K, reserved 1048576K
}

